<?xml version="1.0" encoding="UTF-8"?>
<testng-results ignored="0" total="1" passed="1" failed="0" skipped="0">
  <reporter-output>
  </reporter-output>
  <suite started-at="2020-10-19T04:08:45Z" name="Surefire suite" finished-at="2020-10-19T04:09:05Z" duration-ms="19668">
    <groups>
    </groups>
    <test started-at="2020-10-19T04:08:45Z" name="Surefire test" finished-at="2020-10-19T04:09:05Z" duration-ms="19668">
      <class name="com.ali.automation.functional.VerifyProductAvailabilityTest">
        <test-method signature="verifyProductAvailability()[pri:0, instance:com.ali.automation.functional.VerifyProductAvailabilityTest@72967906]" started-at="2020-10-19T04:08:45Z" name="verifyProductAvailability" finished-at="2020-10-19T04:09:05Z" duration-ms="19642" status="PASS">
          <reporter-output>
          </reporter-output>
        </test-method> <!-- verifyProductAvailability -->
      </class> <!-- com.ali.automation.functional.VerifyProductAvailabilityTest -->
    </test> <!-- Surefire test -->
  </suite> <!-- Surefire suite -->
</testng-results>
